0000              1   ;--------------------------------------------------------
0000              2   ; File Created by C51
0000              3   ; Version 1.0.0 #1069 (Apr 23 2015) (MSVC)
0000              4   ; This file was generated Wed Mar 10 17:48:42 2021
0000              5   ;--------------------------------------------------------
                  5   $name EFM8_LCD_4bit
                  6   $optc51 --model-small
0000              8            R_DSEG    segment data
0000              9            R_CSEG    segment code
0000             10            R_BSEG    segment bit
0000             11            R_XSEG    segment xdata
0000             12            R_PSEG    segment xdata
0000             13            R_ISEG    segment idata
0000             14            R_OSEG    segment data overlay
0000             15            BIT_BANK  segment data overlay
0000             16            R_HOME    segment code
0000             17            R_GSINIT  segment code
0000             18            R_IXSEG   segment xdata
0000             19            R_CONST   segment code
0000             20            R_XINIT   segment code
0000             21            R_DINIT   segment code
0000             22   
0000             23   ;--------------------------------------------------------
0000             24   ; Public variables in this module
0000             25   ;--------------------------------------------------------
0000             26            public _main
0000             27            public _getsn
0000             28            public _LCDprint
0000             29            public _LCD_4BIT
0000             30            public _WriteCommand
0000             31            public _WriteData
0000             32            public _LCD_byte
0000             33            public _LCD_pulse
0000             34            public _waitms
0000             35            public _Timer3us
0000             36            public __c51_external_startup
0000             37            public _LCDprint_PARM_3
0000             38            public _getsn_PARM_2
0000             39            public _LCDprint_PARM_2
0000             40   ;--------------------------------------------------------
0000             41   ; Special Function Registers
0000             42   ;--------------------------------------------------------
0000             43   _ACC            DATA 0xe0
0000             44   _ADC0ASAH       DATA 0xb6
0000             45   _ADC0ASAL       DATA 0xb5
0000             46   _ADC0ASCF       DATA 0xa1
0000             47   _ADC0ASCT       DATA 0xc7
0000             48   _ADC0CF0        DATA 0xbc
0000             49   _ADC0CF1        DATA 0xb9
0000             50   _ADC0CF2        DATA 0xdf
0000             51   _ADC0CN0        DATA 0xe8
0000             52   _ADC0CN1        DATA 0xb2
0000             53   _ADC0CN2        DATA 0xb3
0000             54   _ADC0GTH        DATA 0xc4
0000             55   _ADC0GTL        DATA 0xc3
0000             56   _ADC0H          DATA 0xbe
0000             57   _ADC0L          DATA 0xbd
0000             58   _ADC0LTH        DATA 0xc6
0000             59   _ADC0LTL        DATA 0xc5
0000             60   _ADC0MX         DATA 0xbb
0000             61   _B              DATA 0xf0
0000             62   _CKCON0         DATA 0x8e
0000             63   _CKCON1         DATA 0xa6
0000             64   _CLEN0          DATA 0xc6
0000             65   _CLIE0          DATA 0xc7
0000             66   _CLIF0          DATA 0xe8
0000             67   _CLKSEL         DATA 0xa9
0000             68   _CLOUT0         DATA 0xd1
0000             69   _CLU0CF         DATA 0xb1
0000             70   _CLU0FN         DATA 0xaf
0000             71   _CLU0MX         DATA 0x84
0000             72   _CLU1CF         DATA 0xb3
0000             73   _CLU1FN         DATA 0xb2
0000             74   _CLU1MX         DATA 0x85
0000             75   _CLU2CF         DATA 0xb6
0000             76   _CLU2FN         DATA 0xb5
0000             77   _CLU2MX         DATA 0x91
0000             78   _CLU3CF         DATA 0xbf
0000             79   _CLU3FN         DATA 0xbe
0000             80   _CLU3MX         DATA 0xae
0000             81   _CMP0CN0        DATA 0x9b
0000             82   _CMP0CN1        DATA 0x99
0000             83   _CMP0MD         DATA 0x9d
0000             84   _CMP0MX         DATA 0x9f
0000             85   _CMP1CN0        DATA 0xbf
0000             86   _CMP1CN1        DATA 0xac
0000             87   _CMP1MD         DATA 0xab
0000             88   _CMP1MX         DATA 0xaa
0000             89   _CRC0CN0        DATA 0xce
0000             90   _CRC0CN1        DATA 0x86
0000             91   _CRC0CNT        DATA 0xd3
0000             92   _CRC0DAT        DATA 0xcb
0000             93   _CRC0FLIP       DATA 0xcf
0000             94   _CRC0IN         DATA 0xca
0000             95   _CRC0ST         DATA 0xd2
0000             96   _DAC0CF0        DATA 0x91
0000             97   _DAC0CF1        DATA 0x92
0000             98   _DAC0H          DATA 0x85
0000             99   _DAC0L          DATA 0x84
0000            100   _DAC1CF0        DATA 0x93
0000            101   _DAC1CF1        DATA 0x94
0000            102   _DAC1H          DATA 0x8a
0000            103   _DAC1L          DATA 0x89
0000            104   _DAC2CF0        DATA 0x95
0000            105   _DAC2CF1        DATA 0x96
0000            106   _DAC2H          DATA 0x8c
0000            107   _DAC2L          DATA 0x8b
0000            108   _DAC3CF0        DATA 0x9a
0000            109   _DAC3CF1        DATA 0x9c
0000            110   _DAC3H          DATA 0x8e
0000            111   _DAC3L          DATA 0x8d
0000            112   _DACGCF0        DATA 0x88
0000            113   _DACGCF1        DATA 0x98
0000            114   _DACGCF2        DATA 0xa2
0000            115   _DERIVID        DATA 0xad
0000            116   _DEVICEID       DATA 0xb5
0000            117   _DPH            DATA 0x83
0000            118   _DPL            DATA 0x82
0000            119   _EIE1           DATA 0xe6
0000            120   _EIE2           DATA 0xf3
0000            121   _EIP1           DATA 0xbb
0000            122   _EIP1H          DATA 0xee
0000            123   _EIP2           DATA 0xed
0000            124   _EIP2H          DATA 0xf6
0000            125   _EMI0CN         DATA 0xe7
0000            126   _FLKEY          DATA 0xb7
0000            127   _HFO0CAL        DATA 0xc7
0000            128   _HFO1CAL        DATA 0xd6
0000            129   _HFOCN          DATA 0xef
0000            130   _I2C0ADM        DATA 0xff
0000            131   _I2C0CN0        DATA 0xba
0000            132   _I2C0DIN        DATA 0xbc
0000            133   _I2C0DOUT       DATA 0xbb
0000            134   _I2C0FCN0       DATA 0xad
0000            135   _I2C0FCN1       DATA 0xab
0000            136   _I2C0FCT        DATA 0xf5
0000            137   _I2C0SLAD       DATA 0xbd
0000            138   _I2C0STAT       DATA 0xb9
0000            139   _IE             DATA 0xa8
0000            140   _IP             DATA 0xb8
0000            141   _IPH            DATA 0xf2
0000            142   _IT01CF         DATA 0xe4
0000            143   _LFO0CN         DATA 0xb1
0000            144   _P0             DATA 0x80
0000            145   _P0MASK         DATA 0xfe
0000            146   _P0MAT          DATA 0xfd
0000            147   _P0MDIN         DATA 0xf1
0000            148   _P0MDOUT        DATA 0xa4
0000            149   _P0SKIP         DATA 0xd4
0000            150   _P1             DATA 0x90
0000            151   _P1MASK         DATA 0xee
0000            152   _P1MAT          DATA 0xed
0000            153   _P1MDIN         DATA 0xf2
0000            154   _P1MDOUT        DATA 0xa5
0000            155   _P1SKIP         DATA 0xd5
0000            156   _P2             DATA 0xa0
0000            157   _P2MASK         DATA 0xfc
0000            158   _P2MAT          DATA 0xfb
0000            159   _P2MDIN         DATA 0xf3
0000            160   _P2MDOUT        DATA 0xa6
0000            161   _P2SKIP         DATA 0xcc
0000            162   _P3             DATA 0xb0
0000            163   _P3MDIN         DATA 0xf4
0000            164   _P3MDOUT        DATA 0x9c
0000            165   _PCA0CENT       DATA 0x9e
0000            166   _PCA0CLR        DATA 0x9c
0000            167   _PCA0CN0        DATA 0xd8
0000            168   _PCA0CPH0       DATA 0xfc
0000            169   _PCA0CPH1       DATA 0xea
0000            170   _PCA0CPH2       DATA 0xec
0000            171   _PCA0CPH3       DATA 0xf5
0000            172   _PCA0CPH4       DATA 0x85
0000            173   _PCA0CPH5       DATA 0xde
0000            174   _PCA0CPL0       DATA 0xfb
0000            175   _PCA0CPL1       DATA 0xe9
0000            176   _PCA0CPL2       DATA 0xeb
0000            177   _PCA0CPL3       DATA 0xf4
0000            178   _PCA0CPL4       DATA 0x84
0000            179   _PCA0CPL5       DATA 0xdd
0000            180   _PCA0CPM0       DATA 0xda
0000            181   _PCA0CPM1       DATA 0xdb
0000            182   _PCA0CPM2       DATA 0xdc
0000            183   _PCA0CPM3       DATA 0xae
0000            184   _PCA0CPM4       DATA 0xaf
0000            185   _PCA0CPM5       DATA 0xcc
0000            186   _PCA0H          DATA 0xfa
0000            187   _PCA0L          DATA 0xf9
0000            188   _PCA0MD         DATA 0xd9
0000            189   _PCA0POL        DATA 0x96
0000            190   _PCA0PWM        DATA 0xf7
0000            191   _PCON0          DATA 0x87
0000            192   _PCON1          DATA 0xcd
0000            193   _PFE0CN         DATA 0xc1
0000            194   _PRTDRV         DATA 0xf6
0000            195   _PSCTL          DATA 0x8f
0000            196   _PSTAT0         DATA 0xaa
0000            197   _PSW            DATA 0xd0
0000            198   _REF0CN         DATA 0xd1
0000            199   _REG0CN         DATA 0xc9
0000            200   _REVID          DATA 0xb6
0000            201   _RSTSRC         DATA 0xef
0000            202   _SBCON1         DATA 0x94
0000            203   _SBRLH1         DATA 0x96
0000            204   _SBRLL1         DATA 0x95
0000            205   _SBUF           DATA 0x99
0000            206   _SBUF0          DATA 0x99
0000            207   _SBUF1          DATA 0x92
0000            208   _SCON           DATA 0x98
0000            209   _SCON0          DATA 0x98
0000            210   _SCON1          DATA 0xc8
0000            211   _SFRPAGE        DATA 0xa7
0000            212   _SFRPGCN        DATA 0xbc
0000            213   _SFRSTACK       DATA 0xd7
0000            214   _SMB0ADM        DATA 0xd6
0000            215   _SMB0ADR        DATA 0xd7
0000            216   _SMB0CF         DATA 0xc1
0000            217   _SMB0CN0        DATA 0xc0
0000            218   _SMB0DAT        DATA 0xc2
0000            219   _SMB0FCN0       DATA 0xc3
0000            220   _SMB0FCN1       DATA 0xc4
0000            221   _SMB0FCT        DATA 0xef
0000            222   _SMB0RXLN       DATA 0xc5
0000            223   _SMB0TC         DATA 0xac
0000            224   _SMOD1          DATA 0x93
0000            225   _SP             DATA 0x81
0000            226   _SPI0CFG        DATA 0xa1
0000            227   _SPI0CKR        DATA 0xa2
0000            228   _SPI0CN0        DATA 0xf8
0000            229   _SPI0DAT        DATA 0xa3
0000            230   _SPI0FCN0       DATA 0x9a
0000            231   _SPI0FCN1       DATA 0x9b
0000            232   _SPI0FCT        DATA 0xf7
0000            233   _SPI0PCF        DATA 0xdf
0000            234   _TCON           DATA 0x88
0000            235   _TH0            DATA 0x8c
0000            236   _TH1            DATA 0x8d
0000            237   _TL0            DATA 0x8a
0000            238   _TL1            DATA 0x8b
0000            239   _TMOD           DATA 0x89
0000            240   _TMR2CN0        DATA 0xc8
0000            241   _TMR2CN1        DATA 0xfd
0000            242   _TMR2H          DATA 0xcf
0000            243   _TMR2L          DATA 0xce
0000            244   _TMR2RLH        DATA 0xcb
0000            245   _TMR2RLL        DATA 0xca
0000            246   _TMR3CN0        DATA 0x91
0000            247   _TMR3CN1        DATA 0xfe
0000            248   _TMR3H          DATA 0x95
0000            249   _TMR3L          DATA 0x94
0000            250   _TMR3RLH        DATA 0x93
0000            251   _TMR3RLL        DATA 0x92
0000            252   _TMR4CN0        DATA 0x98
0000            253   _TMR4CN1        DATA 0xff
0000            254   _TMR4H          DATA 0xa5
0000            255   _TMR4L          DATA 0xa4
0000            256   _TMR4RLH        DATA 0xa3
0000            257   _TMR4RLL        DATA 0xa2
0000            258   _TMR5CN0        DATA 0xc0
0000            259   _TMR5CN1        DATA 0xf1
0000            260   _TMR5H          DATA 0xd5
0000            261   _TMR5L          DATA 0xd4
0000            262   _TMR5RLH        DATA 0xd3
0000            263   _TMR5RLL        DATA 0xd2
0000            264   _UART0PCF       DATA 0xd9
0000            265   _UART1FCN0      DATA 0x9d
0000            266   _UART1FCN1      DATA 0xd8
0000            267   _UART1FCT       DATA 0xfa
0000            268   _UART1LIN       DATA 0x9e
0000            269   _UART1PCF       DATA 0xda
0000            270   _VDM0CN         DATA 0xff
0000            271   _WDTCN          DATA 0x97
0000            272   _XBR0           DATA 0xe1
0000            273   _XBR1           DATA 0xe2
0000            274   _XBR2           DATA 0xe3
0000            275   _XOSC0CN        DATA 0x86
0000            276   _DPTR           DATA 0x8382
0000            277   _TMR2RL         DATA 0xcbca
0000            278   _TMR3RL         DATA 0x9392
0000            279   _TMR4RL         DATA 0xa3a2
0000            280   _TMR5RL         DATA 0xd3d2
0000            281   _TMR0           DATA 0x8c8a
0000            282   _TMR1           DATA 0x8d8b
0000            283   _TMR2           DATA 0xcfce
0000            284   _TMR3           DATA 0x9594
0000            285   _TMR4           DATA 0xa5a4
0000            286   _TMR5           DATA 0xd5d4
0000            287   _SBRL1          DATA 0x9695
0000            288   _PCA0           DATA 0xfaf9
0000            289   _PCA0CP0        DATA 0xfcfb
0000            290   _PCA0CP1        DATA 0xeae9
0000            291   _PCA0CP2        DATA 0xeceb
0000            292   _PCA0CP3        DATA 0xf5f4
0000            293   _PCA0CP4        DATA 0x8584
0000            294   _PCA0CP5        DATA 0xdedd
0000            295   _ADC0ASA        DATA 0xb6b5
0000            296   _ADC0GT         DATA 0xc4c3
0000            297   _ADC0           DATA 0xbebd
0000            298   _ADC0LT         DATA 0xc6c5
0000            299   _DAC0           DATA 0x8584
0000            300   _DAC1           DATA 0x8a89
0000            301   _DAC2           DATA 0x8c8b
0000            302   _DAC3           DATA 0x8e8d
0000            303   ;--------------------------------------------------------
0000            304   ; special function bits
0000            305   ;--------------------------------------------------------
0000            306   _ACC_0          BIT 0xe0
0000            307   _ACC_1          BIT 0xe1
0000            308   _ACC_2          BIT 0xe2
0000            309   _ACC_3          BIT 0xe3
0000            310   _ACC_4          BIT 0xe4
0000            311   _ACC_5          BIT 0xe5
0000            312   _ACC_6          BIT 0xe6
0000            313   _ACC_7          BIT 0xe7
0000            314   _TEMPE          BIT 0xe8
0000            315   _ADGN0          BIT 0xe9
0000            316   _ADGN1          BIT 0xea
0000            317   _ADWINT         BIT 0xeb
0000            318   _ADBUSY         BIT 0xec
0000            319   _ADINT          BIT 0xed
0000            320   _IPOEN          BIT 0xee
0000            321   _ADEN           BIT 0xef
0000            322   _B_0            BIT 0xf0
0000            323   _B_1            BIT 0xf1
0000            324   _B_2            BIT 0xf2
0000            325   _B_3            BIT 0xf3
0000            326   _B_4            BIT 0xf4
0000            327   _B_5            BIT 0xf5
0000            328   _B_6            BIT 0xf6
0000            329   _B_7            BIT 0xf7
0000            330   _C0FIF          BIT 0xe8
0000            331   _C0RIF          BIT 0xe9
0000            332   _C1FIF          BIT 0xea
0000            333   _C1RIF          BIT 0xeb
0000            334   _C2FIF          BIT 0xec
0000            335   _C2RIF          BIT 0xed
0000            336   _C3FIF          BIT 0xee
0000            337   _C3RIF          BIT 0xef
0000            338   _D1SRC0         BIT 0x88
0000            339   _D1SRC1         BIT 0x89
0000            340   _D1AMEN         BIT 0x8a
0000            341   _D01REFSL       BIT 0x8b
0000            342   _D3SRC0         BIT 0x8c
0000            343   _D3SRC1         BIT 0x8d
0000            344   _D3AMEN         BIT 0x8e
0000            345   _D23REFSL       BIT 0x8f
0000            346   _D0UDIS         BIT 0x98
0000            347   _D1UDIS         BIT 0x99
0000            348   _D2UDIS         BIT 0x9a
0000            349   _D3UDIS         BIT 0x9b
0000            350   _EX0            BIT 0xa8
0000            351   _ET0            BIT 0xa9
0000            352   _EX1            BIT 0xaa
0000            353   _ET1            BIT 0xab
0000            354   _ES0            BIT 0xac
0000            355   _ET2            BIT 0xad
0000            356   _ESPI0          BIT 0xae
0000            357   _EA             BIT 0xaf
0000            358   _PX0            BIT 0xb8
0000            359   _PT0            BIT 0xb9
0000            360   _PX1            BIT 0xba
0000            361   _PT1            BIT 0xbb
0000            362   _PS0            BIT 0xbc
0000            363   _PT2            BIT 0xbd
0000            364   _PSPI0          BIT 0xbe
0000            365   _P0_0           BIT 0x80
0000            366   _P0_1           BIT 0x81
0000            367   _P0_2           BIT 0x82
0000            368   _P0_3           BIT 0x83
0000            369   _P0_4           BIT 0x84
0000            370   _P0_5           BIT 0x85
0000            371   _P0_6           BIT 0x86
0000            372   _P0_7           BIT 0x87
0000            373   _P1_0           BIT 0x90
0000            374   _P1_1           BIT 0x91
0000            375   _P1_2           BIT 0x92
0000            376   _P1_3           BIT 0x93
0000            377   _P1_4           BIT 0x94
0000            378   _P1_5           BIT 0x95
0000            379   _P1_6           BIT 0x96
0000            380   _P1_7           BIT 0x97
0000            381   _P2_0           BIT 0xa0
0000            382   _P2_1           BIT 0xa1
0000            383   _P2_2           BIT 0xa2
0000            384   _P2_3           BIT 0xa3
0000            385   _P2_4           BIT 0xa4
0000            386   _P2_5           BIT 0xa5
0000            387   _P2_6           BIT 0xa6
0000            388   _P3_0           BIT 0xb0
0000            389   _P3_1           BIT 0xb1
0000            390   _P3_2           BIT 0xb2
0000            391   _P3_3           BIT 0xb3
0000            392   _P3_4           BIT 0xb4
0000            393   _P3_7           BIT 0xb7
0000            394   _CCF0           BIT 0xd8
0000            395   _CCF1           BIT 0xd9
0000            396   _CCF2           BIT 0xda
0000            397   _CCF3           BIT 0xdb
0000            398   _CCF4           BIT 0xdc
0000            399   _CCF5           BIT 0xdd
0000            400   _CR             BIT 0xde
0000            401   _CF             BIT 0xdf
0000            402   _PARITY         BIT 0xd0
0000            403   _F1             BIT 0xd1
0000            404   _OV             BIT 0xd2
0000            405   _RS0            BIT 0xd3
0000            406   _RS1            BIT 0xd4
0000            407   _F0             BIT 0xd5
0000            408   _AC             BIT 0xd6
0000            409   _CY             BIT 0xd7
0000            410   _RI             BIT 0x98
0000            411   _TI             BIT 0x99
0000            412   _RB8            BIT 0x9a
0000            413   _TB8            BIT 0x9b
0000            414   _REN            BIT 0x9c
0000            415   _CE             BIT 0x9d
0000            416   _SMODE          BIT 0x9e
0000            417   _RI1            BIT 0xc8
0000            418   _TI1            BIT 0xc9
0000            419   _RBX1           BIT 0xca
0000            420   _TBX1           BIT 0xcb
0000            421   _REN1           BIT 0xcc
0000            422   _PERR1          BIT 0xcd
0000            423   _OVR1           BIT 0xce
0000            424   _SI             BIT 0xc0
0000            425   _ACK            BIT 0xc1
0000            426   _ARBLOST        BIT 0xc2
0000            427   _ACKRQ          BIT 0xc3
0000            428   _STO            BIT 0xc4
0000            429   _STA            BIT 0xc5
0000            430   _TXMODE         BIT 0xc6
0000            431   _MASTER         BIT 0xc7
0000            432   _SPIEN          BIT 0xf8
0000            433   _TXNF           BIT 0xf9
0000            434   _NSSMD0         BIT 0xfa
0000            435   _NSSMD1         BIT 0xfb
0000            436   _RXOVRN         BIT 0xfc
0000            437   _MODF           BIT 0xfd
0000            438   _WCOL           BIT 0xfe
0000            439   _SPIF           BIT 0xff
0000            440   _IT0            BIT 0x88
0000            441   _IE0            BIT 0x89
0000            442   _IT1            BIT 0x8a
0000            443   _IE1            BIT 0x8b
0000            444   _TR0            BIT 0x8c
0000            445   _TF0            BIT 0x8d
0000            446   _TR1            BIT 0x8e
0000            447   _TF1            BIT 0x8f
0000            448   _T2XCLK0        BIT 0xc8
0000            449   _T2XCLK1        BIT 0xc9
0000            450   _TR2            BIT 0xca
0000            451   _T2SPLIT        BIT 0xcb
0000            452   _TF2CEN         BIT 0xcc
0000            453   _TF2LEN         BIT 0xcd
0000            454   _TF2L           BIT 0xce
0000            455   _TF2H           BIT 0xcf
0000            456   _T4XCLK0        BIT 0x98
0000            457   _T4XCLK1        BIT 0x99
0000            458   _TR4            BIT 0x9a
0000            459   _T4SPLIT        BIT 0x9b
0000            460   _TF4CEN         BIT 0x9c
0000            461   _TF4LEN         BIT 0x9d
0000            462   _TF4L           BIT 0x9e
0000            463   _TF4H           BIT 0x9f
0000            464   _T5XCLK0        BIT 0xc0
0000            465   _T5XCLK1        BIT 0xc1
0000            466   _TR5            BIT 0xc2
0000            467   _T5SPLIT        BIT 0xc3
0000            468   _TF5CEN         BIT 0xc4
0000            469   _TF5LEN         BIT 0xc5
0000            470   _TF5L           BIT 0xc6
0000            471   _TF5H           BIT 0xc7
0000            472   _RIE            BIT 0xd8
0000            473   _RXTO0          BIT 0xd9
0000            474   _RXTO1          BIT 0xda
0000            475   _RFRQ           BIT 0xdb
0000            476   _TIE            BIT 0xdc
0000            477   _TXHOLD         BIT 0xdd
0000            478   _TXNF1          BIT 0xde
0000            479   _TFRQ           BIT 0xdf
0000            480   ;--------------------------------------------------------
0000            481   ; overlayable register banks
0000            482   ;--------------------------------------------------------
0000            483            rbank0 segment data overlay
0000            484   ;--------------------------------------------------------
0000            485   ; internal ram data
0000            486   ;--------------------------------------------------------
0000            487            rseg R_DSEG
0000            488   _LCDprint_PARM_2:
0000            489            ds 1
0001            490   _getsn_PARM_2:
0001            491            ds 2
0003            492   _getsn_buff_1_42:
0003            493            ds 3
0006            494   _getsn_sloc0_1_0:
0006            495            ds 2
0008            496   _main_buff_1_48:
0008            497            ds 17
0019            498   ;--------------------------------------------------------
0019            499   ; overlayable items in internal ram 
0019            500   ;--------------------------------------------------------
0000            501            rseg    R_OSEG
0000            502   ;--------------------------------------------------------
0000            503   ; indirectly addressable internal ram data
0000            504   ;--------------------------------------------------------
0000            505            rseg R_ISEG
0000            506   ;--------------------------------------------------------
0000            507   ; absolute internal ram data
0000            508   ;--------------------------------------------------------
0000            509            DSEG
0000            510   ;--------------------------------------------------------
0000            511   ; bit data
0000            512   ;--------------------------------------------------------
0000            513            rseg R_BSEG
0000            514   _LCDprint_PARM_3:
0000            515            DBIT    1
0001            516   ;--------------------------------------------------------
0001            517   ; paged external ram data
0001            518   ;--------------------------------------------------------
0000            519            rseg R_PSEG
0000            520   ;--------------------------------------------------------
0000            521   ; external ram data
0000            522   ;--------------------------------------------------------
0000            523            rseg R_XSEG
0000            524   ;--------------------------------------------------------
0000            525   ; absolute external ram data
0000            526   ;--------------------------------------------------------
0000            527            XSEG
0000            528   ;--------------------------------------------------------
0000            529   ; external initialized ram data
0000            530   ;--------------------------------------------------------
0000            531            rseg R_IXSEG
0000            532            rseg R_HOME
0000            533            rseg R_GSINIT
0000            534            rseg R_CSEG
0000            535   ;--------------------------------------------------------
0000            536   ; Reset entry point and interrupt vectors
0000            537   ;--------------------------------------------------------
0000            538            CSEG at 0x0000
0000 020100     539            ljmp    _crt0
0003            540   ;--------------------------------------------------------
0003            541   ; global & static initialisations
0003            542   ;--------------------------------------------------------
0000            543            rseg R_HOME
0000            544            rseg R_GSINIT
0000            545            rseg R_GSINIT
0000            546   ;--------------------------------------------------------
0000            547   ; data variables initialization
0000            548   ;--------------------------------------------------------
0000            549            rseg R_DINIT
0000            550            ; The linker places a 'ret' at the end of segment R_DINIT.
0000            551   ;--------------------------------------------------------
0000            552   ; code
0000            553   ;--------------------------------------------------------
0000            554            rseg R_CSEG
0000            555   ;------------------------------------------------------------
0000            556   ;Allocation info for local variables in function '_c51_external_startup'
0000            557   ;------------------------------------------------------------
0000            558   ;------------------------------------------------------------
0000            559   ;        C:\Users\Mahmoud\Desktop\ELEC291\Lab5\EFM8_LCD_4bit.c:16: char _c51_external_startup (void)
0000            560   ;        -----------------------------------------
0000            561   ;         function _c51_external_startup
0000            562   ;        -----------------------------------------
0000            563   __c51_external_startup:
0000            564            using   0
0000            565   ;        C:\Users\Mahmoud\Desktop\ELEC291\Lab5\EFM8_LCD_4bit.c:19: SFRPAGE = 0x00;
0000 75A700     566            mov     _SFRPAGE,#0x00
0003            567   ;        C:\Users\Mahmoud\Desktop\ELEC291\Lab5\EFM8_LCD_4bit.c:20: WDTCN = 0xDE; //First key
0003 7597DE     568            mov     _WDTCN,#0xDE
0006            569   ;        C:\Users\Mahmoud\Desktop\ELEC291\Lab5\EFM8_LCD_4bit.c:21: WDTCN = 0xAD; //Second key
0006 7597AD     570            mov     _WDTCN,#0xAD
0009            571   ;        C:\Users\Mahmoud\Desktop\ELEC291\Lab5\EFM8_LCD_4bit.c:28: SFRPAGE = 0x10;
0009 75A710     572            mov     _SFRPAGE,#0x10
000C            573   ;        C:\Users\Mahmoud\Desktop\ELEC291\Lab5\EFM8_LCD_4bit.c:29: PFE0CN  = 0x20; // SYSCLK < 75 MHz.
000C 75C120     574            mov     _PFE0CN,#0x20
000F            575   ;        C:\Users\Mahmoud\Desktop\ELEC291\Lab5\EFM8_LCD_4bit.c:30: SFRPAGE = 0x00;
000F 75A700     576            mov     _SFRPAGE,#0x00
0012            577   ;        C:\Users\Mahmoud\Desktop\ELEC291\Lab5\EFM8_LCD_4bit.c:51: CLKSEL = 0x00;
0012 75A900     578            mov     _CLKSEL,#0x00
0015            579   ;        C:\Users\Mahmoud\Desktop\ELEC291\Lab5\EFM8_LCD_4bit.c:52: CLKSEL = 0x00;
0015 75A900     580            mov     _CLKSEL,#0x00
0018            581   ;        C:\Users\Mahmoud\Desktop\ELEC291\Lab5\EFM8_LCD_4bit.c:53: while ((CLKSEL & 0x80) == 0);
0018            582   L002001?:
0018 E5A9       583            mov     a,_CLKSEL
001A 30E768     584            jnb     acc.7,L002001?
001D            585   ;        C:\Users\Mahmoud\Desktop\ELEC291\Lab5\EFM8_LCD_4bit.c:54: CLKSEL = 0x03;
001D 75A903     586            mov     _CLKSEL,#0x03
0020            587   ;        C:\Users\Mahmoud\Desktop\ELEC291\Lab5\EFM8_LCD_4bit.c:55: CLKSEL = 0x03;
0020 75A903     588            mov     _CLKSEL,#0x03
0023            589   ;        C:\Users\Mahmoud\Desktop\ELEC291\Lab5\EFM8_LCD_4bit.c:56: while ((CLKSEL & 0x80) == 0);
0023            590   L002004?:
0023 E5A9       591            mov     a,_CLKSEL
0025 30E7E8     592            jnb     acc.7,L002004?
0028            593   ;        C:\Users\Mahmoud\Desktop\ELEC291\Lab5\EFM8_LCD_4bit.c:61: P0MDOUT |= 0x10; // Enable UART0 TX as push-pull output
0028 43A410     594            orl     _P0MDOUT,#0x10
002B            595   ;        C:\Users\Mahmoud\Desktop\ELEC291\Lab5\EFM8_LCD_4bit.c:62: XBR0     = 0x01; // Enable UART0 on P0.4(TX) and P0.5(RX)                     
002B 75E101     596            mov     _XBR0,#0x01
002E            597   ;        C:\Users\Mahmoud\Desktop\ELEC291\Lab5\EFM8_LCD_4bit.c:63: XBR1     = 0X00;
002E 75E200     598            mov     _XBR1,#0x00
0031            599   ;        C:\Users\Mahmoud\Desktop\ELEC291\Lab5\EFM8_LCD_4bit.c:64: XBR2     = 0x40; // Enable crossbar and weak pull-ups
0031 75E340     600            mov     _XBR2,#0x40
0034            601   ;        C:\Users\Mahmoud\Desktop\ELEC291\Lab5\EFM8_LCD_4bit.c:70: SCON0 = 0x10;
0034 759810     602            mov     _SCON0,#0x10
0037            603   ;        C:\Users\Mahmoud\Desktop\ELEC291\Lab5\EFM8_LCD_4bit.c:71: CKCON0 |= 0b_0000_0000 ; // Timer 1 uses the system clock divided by 12.
0037 858E8E     604            mov     _CKCON0,_CKCON0
003A            605   ;        C:\Users\Mahmoud\Desktop\ELEC291\Lab5\EFM8_LCD_4bit.c:72: TH1 = 0x100-((SYSCLK/BAUDRATE)/(2L*12L));
003A 758DE6     606            mov     _TH1,#0xE6
003D            607   ;        C:\Users\Mahmoud\Desktop\ELEC291\Lab5\EFM8_LCD_4bit.c:73: TL1 = TH1;      // Init Timer1
003D 858D8B     608            mov     _TL1,_TH1
0040            609   ;        C:\Users\Mahmoud\Desktop\ELEC291\Lab5\EFM8_LCD_4bit.c:74: TMOD &= ~0xf0;  // TMOD: timer 1 in 8-bit auto-reload
0040 53890F     610            anl     _TMOD,#0x0F
0043            611   ;        C:\Users\Mahmoud\Desktop\ELEC291\Lab5\EFM8_LCD_4bit.c:75: TMOD |=  0x20;                       
0043 438920     612            orl     _TMOD,#0x20
0046            613   ;        C:\Users\Mahmoud\Desktop\ELEC291\Lab5\EFM8_LCD_4bit.c:76: TR1 = 1; // START Timer1
0046 D28E       614            setb    _TR1
0048            615   ;        C:\Users\Mahmoud\Desktop\ELEC291\Lab5\EFM8_LCD_4bit.c:77: TI = 1;  // Indicate TX0 ready
0048 D299       616            setb    _TI
004A            617   ;        C:\Users\Mahmoud\Desktop\ELEC291\Lab5\EFM8_LCD_4bit.c:79: return 0;
004A 758200     618            mov     dpl,#0x00
004D 22         619            ret
004E            620   ;------------------------------------------------------------
004E            621   ;Allocation info for local variables in function 'Timer3us'
004E            622   ;------------------------------------------------------------
004E            623   ;us                        Allocated to registers r2 
004E            624   ;i                         Allocated to registers r3 
004E            625   ;------------------------------------------------------------
004E            626   ;        C:\Users\Mahmoud\Desktop\ELEC291\Lab5\EFM8_LCD_4bit.c:83: void Timer3us(unsigned char us)
004E            627   ;        -----------------------------------------
004E            628   ;         function Timer3us
004E            629   ;        -----------------------------------------
004E            630   _Timer3us:
004E AA82       631            mov     r2,dpl
0050            632   ;        C:\Users\Mahmoud\Desktop\ELEC291\Lab5\EFM8_LCD_4bit.c:88: CKCON0|=0b_0100_0000;
0050 438E40     633            orl     _CKCON0,#0x40
0053            634   ;        C:\Users\Mahmoud\Desktop\ELEC291\Lab5\EFM8_LCD_4bit.c:90: TMR3RL = (-(SYSCLK)/1000000L); // Set Timer3 to overflow in 1us.
0053 7592B8     635            mov     _TMR3RL,#0xB8
0056 7593FF     636            mov     (_TMR3RL >> 8),#0xFF
0059            637   ;        C:\Users\Mahmoud\Desktop\ELEC291\Lab5\EFM8_LCD_4bit.c:91: TMR3 = TMR3RL;                 // Initialize Timer3 for first overflow
0059 859294     638            mov     _TMR3,_TMR3RL
005C 859395     639            mov     (_TMR3 >> 8),(_TMR3RL >> 8)
005F            640   ;        C:\Users\Mahmoud\Desktop\ELEC291\Lab5\EFM8_LCD_4bit.c:93: TMR3CN0 = 0x04;                 // Sart Timer3 and clear overflow flag
005F 759104     641            mov     _TMR3CN0,#0x04
0062            642   ;        C:\Users\Mahmoud\Desktop\ELEC291\Lab5\EFM8_LCD_4bit.c:94: for (i = 0; i < us; i++)       // Count <us> overflows
0062 7B00       643            mov     r3,#0x00
0064            644   L003004?:
0064 C3         645            clr     c
0065 EB         646            mov     a,r3
0066 9A         647            subb    a,r2
0067 5001       648            jnc     L003007?
0069            649   ;        C:\Users\Mahmoud\Desktop\ELEC291\Lab5\EFM8_LCD_4bit.c:96: while (!(TMR3CN0 & 0x80));  // Wait for overflow
0069            650   L003001?:
0069 E591       651            mov     a,_TMR3CN0
006B 30E7E8     652            jnb     acc.7,L003001?
006E            653   ;        C:\Users\Mahmoud\Desktop\ELEC291\Lab5\EFM8_LCD_4bit.c:97: TMR3CN0 &= ~(0x80);         // Clear overflow indicator
006E 53917F     654            anl     _TMR3CN0,#0x7F
0071            655   ;        C:\Users\Mahmoud\Desktop\ELEC291\Lab5\EFM8_LCD_4bit.c:94: for (i = 0; i < us; i++)       // Count <us> overflows
0071 0B         656            inc     r3
0072 8001       657            sjmp    L003004?
0074            658   L003007?:
0074            659   ;        C:\Users\Mahmoud\Desktop\ELEC291\Lab5\EFM8_LCD_4bit.c:99: TMR3CN0 = 0 ;                   // Stop Timer3 and clear overflow flag
0074 759100     660            mov     _TMR3CN0,#0x00
0077 22         661            ret
0078            662   ;------------------------------------------------------------
0078            663   ;Allocation info for local variables in function 'waitms'
0078            664   ;------------------------------------------------------------
0078            665   ;ms                        Allocated to registers r2 r3 
0078            666   ;j                         Allocated to registers r4 r5 
0078            667   ;k                         Allocated to registers r6 
0078            668   ;------------------------------------------------------------
0078            669   ;        C:\Users\Mahmoud\Desktop\ELEC291\Lab5\EFM8_LCD_4bit.c:102: void waitms (unsigned int ms)
0078            670   ;        -----------------------------------------
0078            671   ;         function waitms
0078            672   ;        -----------------------------------------
0078            673   _waitms:
0078 AA82       674            mov     r2,dpl
007A AB83       675            mov     r3,dph
007C            676   ;        C:\Users\Mahmoud\Desktop\ELEC291\Lab5\EFM8_LCD_4bit.c:106: for(j=0; j<ms; j++)
007C 7C00       677            mov     r4,#0x00
007E 7D00       678            mov     r5,#0x00
0080            679   L004005?:
0080 C3         680            clr     c
0081 EC         681            mov     a,r4
0082 9A         682            subb    a,r2
0083 ED         683            mov     a,r5
0084 9B         684            subb    a,r3
0085 5001       685            jnc     L004009?
0087            686   ;        C:\Users\Mahmoud\Desktop\ELEC291\Lab5\EFM8_LCD_4bit.c:107: for (k=0; k<4; k++) Timer3us(250);
0087 7E00       687            mov     r6,#0x00
0089            688   L004001?:
0089 BE0428     689            cjne    r6,#0x04,L004018?
008C            690   L004018?:
008C 5001       691            jnc     L004007?
008E 7582FA     692            mov     dpl,#0xFA
0091 C002       693            push    ar2
0093 C003       694            push    ar3
0095 C004       695            push    ar4
0097 C005       696            push    ar5
0099 C006       697            push    ar6
009B 120100     698            lcall   _Timer3us
009E D006       699            pop     ar6
00A0 D005       700            pop     ar5
00A2 D004       701            pop     ar4
00A4 D003       702            pop     ar3
00A6 D002       703            pop     ar2
00A8 0E         704            inc     r6
00A9 8001       705            sjmp    L004001?
00AB            706   L004007?:
00AB            707   ;        C:\Users\Mahmoud\Desktop\ELEC291\Lab5\EFM8_LCD_4bit.c:106: for(j=0; j<ms; j++)
00AB 0C         708            inc     r4
00AC BC0068     709            cjne    r4,#0x00,L004005?
00AF 0D         710            inc     r5
00B0 8001       711            sjmp    L004005?
00B2            712   L004009?:
00B2 22         713            ret
00B3            714   ;------------------------------------------------------------
00B3            715   ;Allocation info for local variables in function 'LCD_pulse'
00B3            716   ;------------------------------------------------------------
00B3            717   ;------------------------------------------------------------
00B3            718   ;        C:\Users\Mahmoud\Desktop\ELEC291\Lab5\EFM8_LCD_4bit.c:110: void LCD_pulse (void)
00B3            719   ;        -----------------------------------------
00B3            720   ;         function LCD_pulse
00B3            721   ;        -----------------------------------------
00B3            722   _LCD_pulse:
00B3            723   ;        C:\Users\Mahmoud\Desktop\ELEC291\Lab5\EFM8_LCD_4bit.c:112: LCD_E=1;
00B3 D296       724            setb    _P1_6
00B5            725   ;        C:\Users\Mahmoud\Desktop\ELEC291\Lab5\EFM8_LCD_4bit.c:113: Timer3us(40);
00B5 758228     726            mov     dpl,#0x28
00B8 120100     727            lcall   _Timer3us
00BB            728   ;        C:\Users\Mahmoud\Desktop\ELEC291\Lab5\EFM8_LCD_4bit.c:114: LCD_E=0;
00BB C296       729            clr     _P1_6
00BD 22         730            ret
00BE            731   ;------------------------------------------------------------
00BE            732   ;Allocation info for local variables in function 'LCD_byte'
00BE            733   ;------------------------------------------------------------
00BE            734   ;x                         Allocated to registers r2 
00BE            735   ;------------------------------------------------------------
00BE            736   ;        C:\Users\Mahmoud\Desktop\ELEC291\Lab5\EFM8_LCD_4bit.c:117: void LCD_byte (unsigned char x)
00BE            737   ;        -----------------------------------------
00BE            738   ;         function LCD_byte
00BE            739   ;        -----------------------------------------
00BE            740   _LCD_byte:
00BE AA82       741            mov     r2,dpl
00C0            742   ;        C:\Users\Mahmoud\Desktop\ELEC291\Lab5\EFM8_LCD_4bit.c:120: ACC=x; //Send high nible
00C0 8AE0       743            mov     _ACC,r2
00C2            744   ;        C:\Users\Mahmoud\Desktop\ELEC291\Lab5\EFM8_LCD_4bit.c:121: LCD_D7=ACC_7;
00C2 A2E7       745            mov     c,_ACC_7
00C4 9286       746            mov     _P0_6,c
00C6            747   ;        C:\Users\Mahmoud\Desktop\ELEC291\Lab5\EFM8_LCD_4bit.c:122: LCD_D6=ACC_6;
00C6 A2E6       748            mov     c,_ACC_6
00C8 9287       749            mov     _P0_7,c
00CA            750   ;        C:\Users\Mahmoud\Desktop\ELEC291\Lab5\EFM8_LCD_4bit.c:123: LCD_D5=ACC_5;
00CA A2E5       751            mov     c,_ACC_5
00CC 9290       752            mov     _P1_0,c
00CE            753   ;        C:\Users\Mahmoud\Desktop\ELEC291\Lab5\EFM8_LCD_4bit.c:124: LCD_D4=ACC_4;
00CE A2E4       754            mov     c,_ACC_4
00D0 9291       755            mov     _P1_1,c
00D2            756   ;        C:\Users\Mahmoud\Desktop\ELEC291\Lab5\EFM8_LCD_4bit.c:125: LCD_pulse();
00D2 C002       757            push    ar2
00D4 120100     758            lcall   _LCD_pulse
00D7            759   ;        C:\Users\Mahmoud\Desktop\ELEC291\Lab5\EFM8_LCD_4bit.c:126: Timer3us(40);
00D7 758228     760            mov     dpl,#0x28
00DA 120100     761            lcall   _Timer3us
00DD D002       762            pop     ar2
00DF            763   ;        C:\Users\Mahmoud\Desktop\ELEC291\Lab5\EFM8_LCD_4bit.c:127: ACC=x; //Send low nible
00DF 8AE0       764            mov     _ACC,r2
00E1            765   ;        C:\Users\Mahmoud\Desktop\ELEC291\Lab5\EFM8_LCD_4bit.c:128: LCD_D7=ACC_3;
00E1 A2E3       766            mov     c,_ACC_3
00E3 9286       767            mov     _P0_6,c
00E5            768   ;        C:\Users\Mahmoud\Desktop\ELEC291\Lab5\EFM8_LCD_4bit.c:129: LCD_D6=ACC_2;
00E5 A2E2       769            mov     c,_ACC_2
00E7 9287       770            mov     _P0_7,c
00E9            771   ;        C:\Users\Mahmoud\Desktop\ELEC291\Lab5\EFM8_LCD_4bit.c:130: LCD_D5=ACC_1;
00E9 A2E1       772            mov     c,_ACC_1
00EB 9290       773            mov     _P1_0,c
00ED            774   ;        C:\Users\Mahmoud\Desktop\ELEC291\Lab5\EFM8_LCD_4bit.c:131: LCD_D4=ACC_0;
00ED A2E0       775            mov     c,_ACC_0
00EF 9291       776            mov     _P1_1,c
00F1            777   ;        C:\Users\Mahmoud\Desktop\ELEC291\Lab5\EFM8_LCD_4bit.c:132: LCD_pulse();
00F1 020100     778            ljmp    _LCD_pulse
00F4            779   ;------------------------------------------------------------
00F4            780   ;Allocation info for local variables in function 'WriteData'
00F4            781   ;------------------------------------------------------------
00F4            782   ;x                         Allocated to registers r2 
00F4            783   ;------------------------------------------------------------
00F4            784   ;        C:\Users\Mahmoud\Desktop\ELEC291\Lab5\EFM8_LCD_4bit.c:135: void WriteData (unsigned char x)
00F4            785   ;        -----------------------------------------
00F4            786   ;         function WriteData
00F4            787   ;        -----------------------------------------
00F4            788   _WriteData:
00F4 AA82       789            mov     r2,dpl
00F6            790   ;        C:\Users\Mahmoud\Desktop\ELEC291\Lab5\EFM8_LCD_4bit.c:137: LCD_RS=1;
00F6 D2A0       791            setb    _P2_0
00F8            792   ;        C:\Users\Mahmoud\Desktop\ELEC291\Lab5\EFM8_LCD_4bit.c:138: LCD_byte(x);
00F8 8A82       793            mov     dpl,r2
00FA 120100     794            lcall   _LCD_byte
00FD            795   ;        C:\Users\Mahmoud\Desktop\ELEC291\Lab5\EFM8_LCD_4bit.c:139: waitms(2);
00FD 900002     796            mov     dptr,#0x0002
0100 020100     797            ljmp    _waitms
0103            798   ;------------------------------------------------------------
0103            799   ;Allocation info for local variables in function 'WriteCommand'
0103            800   ;------------------------------------------------------------
0103            801   ;x                         Allocated to registers r2 
0103            802   ;------------------------------------------------------------
0103            803   ;        C:\Users\Mahmoud\Desktop\ELEC291\Lab5\EFM8_LCD_4bit.c:142: void WriteCommand (unsigned char x)
0103            804   ;        -----------------------------------------
0103            805   ;         function WriteCommand
0103            806   ;        -----------------------------------------
0103            807   _WriteCommand:
0103 AA82       808            mov     r2,dpl
0105            809   ;        C:\Users\Mahmoud\Desktop\ELEC291\Lab5\EFM8_LCD_4bit.c:144: LCD_RS=0;
0105 C2A0       810            clr     _P2_0
0107            811   ;        C:\Users\Mahmoud\Desktop\ELEC291\Lab5\EFM8_LCD_4bit.c:145: LCD_byte(x);
0107 8A82       812            mov     dpl,r2
0109 120100     813            lcall   _LCD_byte
010C            814   ;        C:\Users\Mahmoud\Desktop\ELEC291\Lab5\EFM8_LCD_4bit.c:146: waitms(5);
010C 900005     815            mov     dptr,#0x0005
010F 020100     816            ljmp    _waitms
0112            817   ;------------------------------------------------------------
0112            818   ;Allocation info for local variables in function 'LCD_4BIT'
0112            819   ;------------------------------------------------------------
0112            820   ;------------------------------------------------------------
0112            821   ;        C:\Users\Mahmoud\Desktop\ELEC291\Lab5\EFM8_LCD_4bit.c:149: void LCD_4BIT (void)
0112            822   ;        -----------------------------------------
0112            823   ;         function LCD_4BIT
0112            824   ;        -----------------------------------------
0112            825   _LCD_4BIT:
0112            826   ;        C:\Users\Mahmoud\Desktop\ELEC291\Lab5\EFM8_LCD_4bit.c:151: LCD_E=0; // Resting state of LCD's enable is zero
0112 C296       827            clr     _P1_6
0114            828   ;        C:\Users\Mahmoud\Desktop\ELEC291\Lab5\EFM8_LCD_4bit.c:152: LCD_RW=0; // We are only writing to the LCD in this program
0114 C297       829            clr     _P1_7
0116            830   ;        C:\Users\Mahmoud\Desktop\ELEC291\Lab5\EFM8_LCD_4bit.c:153: waitms(20);
0116 900014     831            mov     dptr,#0x0014
0119 120100     832            lcall   _waitms
011C            833   ;        C:\Users\Mahmoud\Desktop\ELEC291\Lab5\EFM8_LCD_4bit.c:155: WriteCommand(0x33);
011C 758233     834            mov     dpl,#0x33
011F 120100     835            lcall   _WriteCommand
0122            836   ;        C:\Users\Mahmoud\Desktop\ELEC291\Lab5\EFM8_LCD_4bit.c:156: WriteCommand(0x33);
0122 758233     837            mov     dpl,#0x33
0125 120100     838            lcall   _WriteCommand
0128            839   ;        C:\Users\Mahmoud\Desktop\ELEC291\Lab5\EFM8_LCD_4bit.c:157: WriteCommand(0x32); // Change to 4-bit mode
0128 758232     840            mov     dpl,#0x32
012B 120100     841            lcall   _WriteCommand
012E            842   ;        C:\Users\Mahmoud\Desktop\ELEC291\Lab5\EFM8_LCD_4bit.c:160: WriteCommand(0x28);
012E 758228     843            mov     dpl,#0x28
0131 120100     844            lcall   _WriteCommand
0134            845   ;        C:\Users\Mahmoud\Desktop\ELEC291\Lab5\EFM8_LCD_4bit.c:161: WriteCommand(0x0c);
0134 75820C     846            mov     dpl,#0x0C
0137 120100     847            lcall   _WriteCommand
013A            848   ;        C:\Users\Mahmoud\Desktop\ELEC291\Lab5\EFM8_LCD_4bit.c:162: WriteCommand(0x01); // Clear screen command (takes some time)
013A 758201     849            mov     dpl,#0x01
013D 120100     850            lcall   _WriteCommand
0140            851   ;        C:\Users\Mahmoud\Desktop\ELEC291\Lab5\EFM8_LCD_4bit.c:163: waitms(20); // Wait for clear screen command to finsih.
0140 900014     852            mov     dptr,#0x0014
0143 020100     853            ljmp    _waitms
0146            854   ;------------------------------------------------------------
0146            855   ;Allocation info for local variables in function 'LCDprint'
0146            856   ;------------------------------------------------------------
0146            857   ;line                      Allocated with name '_LCDprint_PARM_2'
0146            858   ;string                    Allocated to registers r2 r3 r4 
0146            859   ;j                         Allocated to registers r5 r6 
0146            860   ;------------------------------------------------------------
0146            861   ;        C:\Users\Mahmoud\Desktop\ELEC291\Lab5\EFM8_LCD_4bit.c:166: void LCDprint(char * string, unsigned char line, bit clear)
0146            862   ;        -----------------------------------------
0146            863   ;         function LCDprint
0146            864   ;        -----------------------------------------
0146            865   _LCDprint:
0146 AA82       866            mov     r2,dpl
0148 AB83       867            mov     r3,dph
014A ACF0       868            mov     r4,b
014C            869   ;        C:\Users\Mahmoud\Desktop\ELEC291\Lab5\EFM8_LCD_4bit.c:170: WriteCommand(line==2?0xc0:0x80);
014C 7402       870            mov     a,#0x02
014E B548E8     871            cjne    a,_LCDprint_PARM_2,L010013?
0151 7DC0       872            mov     r5,#0xC0
0153 8001       873            sjmp    L010014?
0155            874   L010013?:
0155 7D80       875            mov     r5,#0x80
0157            876   L010014?:
0157 8D82       877            mov     dpl,r5
0159 C002       878            push    ar2
015B C003       879            push    ar3
015D C004       880            push    ar4
015F 120100     881            lcall   _WriteCommand
0162            882   ;        C:\Users\Mahmoud\Desktop\ELEC291\Lab5\EFM8_LCD_4bit.c:171: waitms(5);
0162 900005     883            mov     dptr,#0x0005
0165 120100     884            lcall   _waitms
0168 D004       885            pop     ar4
016A D003       886            pop     ar3
016C D002       887            pop     ar2
016E            888   ;        C:\Users\Mahmoud\Desktop\ELEC291\Lab5\EFM8_LCD_4bit.c:172: for(j=0; string[j]!=0; j++)  WriteData(string[j]);// Write the message
016E 7D00       889            mov     r5,#0x00
0170 7E00       890            mov     r6,#0x00
0172            891   L010003?:
0172 ED         892            mov     a,r5
0173 2A         893            add     a,r2
0174 FF         894            mov     r7,a
0175 EE         895            mov     a,r6
0176 3B         896            addc    a,r3
0177 F8         897            mov     r0,a
0178 8C01       898            mov     ar1,r4
017A 8F82       899            mov     dpl,r7
017C 8883       900            mov     dph,r0
017E 89F0       901            mov     b,r1
0180 120100     902            lcall   __gptrget
0183 FF         903            mov     r7,a
0184 6001       904            jz      L010006?
0186 8F82       905            mov     dpl,r7
0188 C002       906            push    ar2
018A C003       907            push    ar3
018C C004       908            push    ar4
018E C005       909            push    ar5
0190 C006       910            push    ar6
0192 120100     911            lcall   _WriteData
0195 D006       912            pop     ar6
0197 D005       913            pop     ar5
0199 D004       914            pop     ar4
019B D003       915            pop     ar3
019D D002       916            pop     ar2
019F 0D         917            inc     r5
01A0 BD0068     918            cjne    r5,#0x00,L010003?
01A3 0E         919            inc     r6
01A4 8001       920            sjmp    L010003?
01A6            921   L010006?:
01A6            922   ;        C:\Users\Mahmoud\Desktop\ELEC291\Lab5\EFM8_LCD_4bit.c:173: if(clear) for(; j<CHARS_PER_LINE; j++) WriteData(' '); // Clear the rest of the line
01A6 30B828     923            jnb     _LCDprint_PARM_3,L010011?
01A9 8D02       924            mov     ar2,r5
01AB 8E03       925            mov     ar3,r6
01AD            926   L010007?:
01AD C3         927            clr     c
01AE EA         928            mov     a,r2
01AF 9410       929            subb    a,#0x10
01B1 EB         930            mov     a,r3
01B2 6480       931            xrl     a,#0x80
01B4 9480       932            subb    a,#0x80
01B6 5001       933            jnc     L010011?
01B8 758220     934            mov     dpl,#0x20
01BB C002       935            push    ar2
01BD C003       936            push    ar3
01BF 120100     937            lcall   _WriteData
01C2 D003       938            pop     ar3
01C4 D002       939            pop     ar2
01C6 0A         940            inc     r2
01C7 BA0068     941            cjne    r2,#0x00,L010007?
01CA 0B         942            inc     r3
01CB 8001       943            sjmp    L010007?
01CD            944   L010011?:
01CD 22         945            ret
01CE            946   ;------------------------------------------------------------
01CE            947   ;Allocation info for local variables in function 'getsn'
01CE            948   ;------------------------------------------------------------
01CE            949   ;len                       Allocated with name '_getsn_PARM_2'
01CE            950   ;buff                      Allocated with name '_getsn_buff_1_42'
01CE            951   ;j                         Allocated with name '_getsn_sloc0_1_0'
01CE            952   ;c                         Allocated to registers r3 
01CE            953   ;sloc0                     Allocated with name '_getsn_sloc0_1_0'
01CE            954   ;------------------------------------------------------------
01CE            955   ;        C:\Users\Mahmoud\Desktop\ELEC291\Lab5\EFM8_LCD_4bit.c:176: int getsn (char * buff, int len)
01CE            956   ;        -----------------------------------------
01CE            957   ;         function getsn
01CE            958   ;        -----------------------------------------
01CE            959   _getsn:
01CE 858258     960            mov     _getsn_buff_1_42,dpl
01D1 858359     961            mov     (_getsn_buff_1_42 + 1),dph
01D4 85F05A     962            mov     (_getsn_buff_1_42 + 2),b
01D7            963   ;        C:\Users\Mahmoud\Desktop\ELEC291\Lab5\EFM8_LCD_4bit.c:181: for(j=0; j<(len-1); j++)
01D7 E4         964            clr     a
01D8 F5A8       965            mov     _getsn_sloc0_1_0,a
01DA F5A9       966            mov     (_getsn_sloc0_1_0 + 1),a
01DC E5F8       967            mov     a,_getsn_PARM_2
01DE 24FF       968            add     a,#0xff
01E0 FF         969            mov     r7,a
01E1 E5F9       970            mov     a,(_getsn_PARM_2 + 1)
01E3 34FF       971            addc    a,#0xff
01E5 F8         972            mov     r0,a
01E6 7900       973            mov     r1,#0x00
01E8 7A00       974            mov     r2,#0x00
01EA            975   L011005?:
01EA C3         976            clr     c
01EB E9         977            mov     a,r1
01EC 9F         978            subb    a,r7
01ED EA         979            mov     a,r2
01EE 6480       980            xrl     a,#0x80
01F0 88F0       981            mov     b,r0
01F2 63F080     982            xrl     b,#0x80
01F5 95F0       983            subb    a,b
01F7 5001       984            jnc     L011008?
01F9            985   ;        C:\Users\Mahmoud\Desktop\ELEC291\Lab5\EFM8_LCD_4bit.c:183: c=getchar();
01F9 C002       986            push    ar2
01FB C007       987            push    ar7
01FD C000       988            push    ar0
01FF C001       989            push    ar1
0201 120100     990            lcall   _getchar
0204 AB82       991            mov     r3,dpl
0206 D001       992            pop     ar1
0208 D000       993            pop     ar0
020A D007       994            pop     ar7
020C D002       995            pop     ar2
020E            996   ;        C:\Users\Mahmoud\Desktop\ELEC291\Lab5\EFM8_LCD_4bit.c:184: if ( (c=='\n') || (c=='\r') )
020E BB0A68     997            cjne    r3,#0x0A,L011015?
0211 8001       998            sjmp    L011001?
0213            999   L011015?:
0213 BB0DE8    1000            cjne    r3,#0x0D,L011002?
0216           1001   L011001?:
0216           1002   ;        C:\Users\Mahmoud\Desktop\ELEC291\Lab5\EFM8_LCD_4bit.c:186: buff[j]=0;
0216 E5A8      1003            mov     a,_getsn_sloc0_1_0
0218 2558      1004            add     a,_getsn_buff_1_42
021A FC        1005            mov     r4,a
021B E5A9      1006            mov     a,(_getsn_sloc0_1_0 + 1)
021D 3559      1007            addc    a,(_getsn_buff_1_42 + 1)
021F FD        1008            mov     r5,a
0220 AE5A      1009            mov     r6,(_getsn_buff_1_42 + 2)
0222 8C82      1010            mov     dpl,r4
0224 8D83      1011            mov     dph,r5
0226 8EF0      1012            mov     b,r6
0228 E4        1013            clr     a
0229 120100    1014            lcall   __gptrput
022C           1015   ;        C:\Users\Mahmoud\Desktop\ELEC291\Lab5\EFM8_LCD_4bit.c:187: return j;
022C 85A882    1016            mov     dpl,_getsn_sloc0_1_0
022F 85A983    1017            mov     dph,(_getsn_sloc0_1_0 + 1)
0232 22        1018            ret
0233           1019   L011002?:
0233           1020   ;        C:\Users\Mahmoud\Desktop\ELEC291\Lab5\EFM8_LCD_4bit.c:191: buff[j]=c;
0233 E9        1021            mov     a,r1
0234 2558      1022            add     a,_getsn_buff_1_42
0236 FC        1023            mov     r4,a
0237 EA        1024            mov     a,r2
0238 3559      1025            addc    a,(_getsn_buff_1_42 + 1)
023A FD        1026            mov     r5,a
023B AE5A      1027            mov     r6,(_getsn_buff_1_42 + 2)
023D 8C82      1028            mov     dpl,r4
023F 8D83      1029            mov     dph,r5
0241 8EF0      1030            mov     b,r6
0243 EB        1031            mov     a,r3
0244 120100    1032            lcall   __gptrput
0247           1033   ;        C:\Users\Mahmoud\Desktop\ELEC291\Lab5\EFM8_LCD_4bit.c:181: for(j=0; j<(len-1); j++)
0247 09        1034            inc     r1
0248 B90068    1035            cjne    r1,#0x00,L011018?
024B 0A        1036            inc     r2
024C           1037   L011018?:
024C 89A8      1038            mov     _getsn_sloc0_1_0,r1
024E 8AA9      1039            mov     (_getsn_sloc0_1_0 + 1),r2
0250 8001      1040            sjmp    L011005?
0252           1041   L011008?:
0252           1042   ;        C:\Users\Mahmoud\Desktop\ELEC291\Lab5\EFM8_LCD_4bit.c:194: buff[j]=0;
0252 E5A8      1043            mov     a,_getsn_sloc0_1_0
0254 2558      1044            add     a,_getsn_buff_1_42
0256 FA        1045            mov     r2,a
0257 E5A9      1046            mov     a,(_getsn_sloc0_1_0 + 1)
0259 3559      1047            addc    a,(_getsn_buff_1_42 + 1)
025B FB        1048            mov     r3,a
025C AC5A      1049            mov     r4,(_getsn_buff_1_42 + 2)
025E 8A82      1050            mov     dpl,r2
0260 8B83      1051            mov     dph,r3
0262 8CF0      1052            mov     b,r4
0264 E4        1053            clr     a
0265 120100    1054            lcall   __gptrput
0268           1055   ;        C:\Users\Mahmoud\Desktop\ELEC291\Lab5\EFM8_LCD_4bit.c:195: return len;
0268 85F882    1056            mov     dpl,_getsn_PARM_2
026B 85F983    1057            mov     dph,(_getsn_PARM_2 + 1)
026E 22        1058            ret
026F           1059   ;------------------------------------------------------------
026F           1060   ;Allocation info for local variables in function 'main'
026F           1061   ;------------------------------------------------------------
026F           1062   ;buff                      Allocated with name '_main_buff_1_48'
026F           1063   ;------------------------------------------------------------
026F           1064   ;        C:\Users\Mahmoud\Desktop\ELEC291\Lab5\EFM8_LCD_4bit.c:198: void main (void)
026F           1065   ;        -----------------------------------------
026F           1066   ;         function main
026F           1067   ;        -----------------------------------------
026F           1068   _main:
026F           1069   ;        C:\Users\Mahmoud\Desktop\ELEC291\Lab5\EFM8_LCD_4bit.c:202: LCD_4BIT();
026F 120100    1070            lcall   _LCD_4BIT
0272           1071   ;        C:\Users\Mahmoud\Desktop\ELEC291\Lab5\EFM8_LCD_4bit.c:205: LCDprint("LCD 4-bit test:", 1, 1);
0272 754801    1072            mov     _LCDprint_PARM_2,#0x01
0275 D2B8      1073            setb    _LCDprint_PARM_3
0277 90B9A8    1074            mov     dptr,#__str_0
027A 75F080    1075            mov     b,#0x80
027D 120100    1076            lcall   _LCDprint
0280           1077   ;        C:\Users\Mahmoud\Desktop\ELEC291\Lab5\EFM8_LCD_4bit.c:206: LCDprint("Hello, World!", 2, 1);
0280 754802    1078            mov     _LCDprint_PARM_2,#0x02
0283 D2B8      1079            setb    _LCDprint_PARM_3
0285 90B9E8    1080            mov     dptr,#__str_1
0288 75F080    1081            mov     b,#0x80
028B 120100    1082            lcall   _LCDprint
028E           1083   ;        C:\Users\Mahmoud\Desktop\ELEC291\Lab5\EFM8_LCD_4bit.c:207: while(1)
028E           1084   L012002?:
028E           1085   ;        C:\Users\Mahmoud\Desktop\ELEC291\Lab5\EFM8_LCD_4bit.c:209: printf("Type what you want to display in line 2 (16 char max): ");
028E 7468      1086            mov     a,#__str_2
0290 C0E0      1087            push    acc
0292 74BA      1088            mov     a,#(__str_2 >> 8)
0294 C0E0      1089            push    acc
0296 7480      1090            mov     a,#0x80
0298 C0E0      1091            push    acc
029A 120100    1092            lcall   _printf
029D 1581      1093            dec     sp
029F 1581      1094            dec     sp
02A1 1581      1095            dec     sp
02A3           1096   ;        C:\Users\Mahmoud\Desktop\ELEC291\Lab5\EFM8_LCD_4bit.c:210: getsn(buff, sizeof(buff));
02A3 75F811    1097            mov     _getsn_PARM_2,#0x11
02A6 E4        1098            clr     a
02A7 F5F9      1099            mov     (_getsn_PARM_2 + 1),a
02A9 90B1E8    1100            mov     dptr,#_main_buff_1_48
02AC 75F040    1101            mov     b,#0x40
02AF 120100    1102            lcall   _getsn
02B2           1103   ;        C:\Users\Mahmoud\Desktop\ELEC291\Lab5\EFM8_LCD_4bit.c:211: printf("\n");
02B2 7428      1104            mov     a,#__str_3
02B4 C0E0      1105            push    acc
02B6 74BB      1106            mov     a,#(__str_3 >> 8)
02B8 C0E0      1107            push    acc
02BA 7480      1108            mov     a,#0x80
02BC C0E0      1109            push    acc
02BE 120100    1110            lcall   _printf
02C1 1581      1111            dec     sp
02C3 1581      1112            dec     sp
02C5 1581      1113            dec     sp
02C7           1114   ;        C:\Users\Mahmoud\Desktop\ELEC291\Lab5\EFM8_LCD_4bit.c:212: LCDprint(buff, 2, 1);
02C7 754802    1115            mov     _LCDprint_PARM_2,#0x02
02CA D2B8      1116            setb    _LCDprint_PARM_3
02CC 90B1E8    1117            mov     dptr,#_main_buff_1_48
02CF 75F040    1118            mov     b,#0x40
02D2 120100    1119            lcall   _LCDprint
02D5 8001      1120            sjmp    L012002?
02D7           1121            rseg R_CSEG
02D7           1122   
0000           1123            rseg R_XINIT
0000           1124   
0000           1125            rseg R_CONST
0000           1126   __str_0:
0000 4C434420  1127            db 'LCD 4-bit test:'
     342D6269
     74207465
     73743A
000F 00        1128            db 0x00
0010           1129   __str_1:
0010 48656C6C  1130            db 'Hello, World!'
     6F2C2057
     6F726C64
     21
001D 00        1131            db 0x00
001E           1132   __str_2:
001E 54797065  1133            db 'Type what you want to display in line 2 (16 char max): '
     20776861
     7420796F
     75207761
     6E742074
     6F206469
     73706C61
     7920696E
     206C696E
     65203220
     28313620
     63686172
     206D6178
     293A20
0055 00        1134            db 0x00
0056           1135   __str_3:
0056 0A        1136            db 0x0A
0057 00        1137            db 0x00
0058           1138   
0003           1139            CSEG
0003           1140   
0003           1141   end
